GROUP,PACKAGE,CLASS,INSTRUCTION_MISSED,INSTRUCTION_COVERED,BRANCH_MISSED,BRANCH_COVERED,LINE_MISSED,LINE_COVERED,COMPLEXITY_MISSED,COMPLEXITY_COVERED,METHOD_MISSED,METHOD_COVERED
parking-system,com.parkit.parkingsystem.service,ParkingService,12,259,4,11,5,69,4,11,0,7
parking-system,com.parkit.parkingsystem.service,InteractiveShell,72,0,6,0,28,0,8,0,4,0
parking-system,com.parkit.parkingsystem.service,FareCalculatorService,10,84,3,10,2,21,3,7,0,3
parking-system,com.parkit.parkingsystem,App,12,0,0,0,5,0,3,0,3,0
parking-system,com.parkit.parkingsystem.constants,DBConstants,3,0,0,0,1,0,1,0,1,0
parking-system,com.parkit.parkingsystem.constants,Fare,3,0,0,0,1,0,1,0,1,0
parking-system,com.parkit.parkingsystem.constants,ParkingType,0,15,0,0,0,3,0,1,0,1
parking-system,com.parkit.parkingsystem.util,InputReaderUtil,45,9,4,0,15,2,5,1,3,1
